<?xml version="1.0" encoding="UTF-8"?>
<testsuite name="tests.AddNewContact" tests="1" skipped="0" failures="0" errors="0" timestamp="2022-07-11T19:59:54" hostname="LAPTOP-S8MI6IBE" time="1.923">
  <properties/>
  <testcase name="addNewContactSuccess" classname="tests.AddNewContact" time="1.923"/>
  <system-out><![CDATA[]]></system-out>
  <system-err><![CDATA[]]></system-err>
</testsuite>
