<?xml version="1.0" encoding="UTF-8"?>
<testsuite name="tests.AddNewContact" tests="4" skipped="0" failures="0" errors="0" timestamp="2022-07-26T18:55:46" hostname="LAPTOP-S8MI6IBE" time="4.89">
  <properties/>
  <testcase name="addNewContactCSV[0](Contact(name=Nora, lastName=Red, phone=643-867-5332140, email=2140nora@mail.com, address=BeerSheva, description=university friend))" classname="tests.AddNewContact" time="1.884"/>
  <testcase name="addNewContactCSV[1](Contact(name=Nora, lastName=Red, phone=643-867-5332140, email=2140nora@mail.com, address=BeerSheva, description=university friend))" classname="tests.AddNewContact" time="0.956"/>
  <testcase name="addNewContactCSV[2](Contact(name=Nora, lastName=Red, phone=643-867-5332140, email=2140nora@mail.com, address=BeerSheva, description=university friend))" classname="tests.AddNewContact" time="0.984"/>
  <testcase name="addNewContactSuccess" classname="tests.AddNewContact" time="1.018"/>
  <system-out><![CDATA[21:55:40.272 INFO  tests.TestBase - Start method with name -->addNewContactCSV
21:55:45.318 INFO  manager.MyListener - WebDriver start find element: By.xpath: //*[text()='LOGIN']
21:55:45.349 INFO  manager.MyListener - WebDriver found element:By.xpath: //*[text()='LOGIN']
21:55:45.417 INFO  manager.MyListener - WebDriver start find element: By.xpath: //input[1]
21:55:45.446 INFO  manager.MyListener - WebDriver found element:By.xpath: //input[1]
21:55:45.543 INFO  manager.MyListener - WebDriver start find element: By.xpath: //input[2]
21:55:45.575 INFO  manager.MyListener - WebDriver found element:By.xpath: //input[2]
21:55:46.028 INFO  manager.MyListener - WebDriver start find element: By.xpath: //button[1]
21:55:46.044 INFO  manager.MyListener - WebDriver found element:By.xpath: //button[1]
21:55:46.082 INFO  tests.TestBase - User: 
21:55:46.097 INFO  manager.MyListener - WebDriver start find element: By.xpath: //*[text()='ADD']
21:55:46.870 INFO  manager.MyListener - WebDriver found element:By.xpath: //*[text()='ADD']
21:55:46.902 INFO  manager.MyListener - WebDriver start find element: By.xpath: //input
21:55:46.923 INFO  manager.MyListener - WebDriver found element:By.xpath: //input
21:55:46.996 INFO  manager.MyListener - WebDriver start find element: By.xpath: //input[2]
21:55:47.010 INFO  manager.MyListener - WebDriver found element:By.xpath: //input[2]
21:55:47.076 INFO  manager.MyListener - WebDriver start find element: By.xpath: //input[3]
21:55:47.092 INFO  manager.MyListener - WebDriver found element:By.xpath: //input[3]
21:55:47.168 INFO  manager.MyListener - WebDriver start find element: By.xpath: //input[4]
21:55:47.186 INFO  manager.MyListener - WebDriver found element:By.xpath: //input[4]
21:55:47.265 INFO  manager.MyListener - WebDriver start find element: By.xpath: //input[5]
21:55:47.282 INFO  manager.MyListener - WebDriver found element:By.xpath: //input[5]
21:55:47.361 INFO  manager.MyListener - WebDriver start find element: By.xpath: //input[6]
21:55:47.378 INFO  manager.MyListener - WebDriver found element:By.xpath: //input[6]
21:55:47.454 INFO  manager.MyListener - WebDriver start find element: By.cssSelector: [placeholder='description']
21:55:47.468 INFO  manager.MyListener - WebDriver found element:By.cssSelector: [placeholder='description']
21:55:47.484 INFO  manager.MyListener - WebDriver start find element: By.cssSelector: .add_form__2rsm2 button
21:55:47.499 INFO  manager.MyListener - WebDriver found element:By.cssSelector: .add_form__2rsm2 button
21:55:47.969 INFO  tests.TestBase - Start method with name -->addNewContactCSV
21:55:47.987 INFO  manager.MyListener - WebDriver start find element: By.xpath: //*[text()='ADD']
21:55:48.003 INFO  manager.MyListener - WebDriver found element:By.xpath: //*[text()='ADD']
21:55:48.023 INFO  manager.MyListener - WebDriver start find element: By.xpath: //input
21:55:48.037 INFO  manager.MyListener - WebDriver found element:By.xpath: //input
21:55:48.101 INFO  manager.MyListener - WebDriver start find element: By.xpath: //input[2]
21:55:48.114 INFO  manager.MyListener - WebDriver found element:By.xpath: //input[2]
21:55:48.175 INFO  manager.MyListener - WebDriver start find element: By.xpath: //input[3]
21:55:48.197 INFO  manager.MyListener - WebDriver found element:By.xpath: //input[3]
21:55:48.278 INFO  manager.MyListener - WebDriver start find element: By.xpath: //input[4]
21:55:48.288 INFO  manager.MyListener - WebDriver found element:By.xpath: //input[4]
21:55:48.367 INFO  manager.MyListener - WebDriver start find element: By.xpath: //input[5]
21:55:48.378 INFO  manager.MyListener - WebDriver found element:By.xpath: //input[5]
21:55:48.463 INFO  manager.MyListener - WebDriver start find element: By.xpath: //input[6]
21:55:48.480 INFO  manager.MyListener - WebDriver found element:By.xpath: //input[6]
21:55:48.559 INFO  manager.MyListener - WebDriver start find element: By.cssSelector: [placeholder='description']
21:55:48.572 INFO  manager.MyListener - WebDriver found element:By.cssSelector: [placeholder='description']
21:55:48.590 INFO  manager.MyListener - WebDriver start find element: By.cssSelector: .add_form__2rsm2 button
21:55:48.606 INFO  manager.MyListener - WebDriver found element:By.cssSelector: .add_form__2rsm2 button
21:55:48.944 INFO  tests.TestBase - Start method with name -->addNewContactCSV
21:55:48.956 INFO  manager.MyListener - WebDriver start find element: By.xpath: //*[text()='ADD']
21:55:48.966 INFO  manager.MyListener - WebDriver found element:By.xpath: //*[text()='ADD']
21:55:48.989 INFO  manager.MyListener - WebDriver start find element: By.xpath: //input
21:55:49.008 INFO  manager.MyListener - WebDriver found element:By.xpath: //input
21:55:49.081 INFO  manager.MyListener - WebDriver start find element: By.xpath: //input[2]
21:55:49.092 INFO  manager.MyListener - WebDriver found element:By.xpath: //input[2]
21:55:49.172 INFO  manager.MyListener - WebDriver start find element: By.xpath: //input[3]
21:55:49.183 INFO  manager.MyListener - WebDriver found element:By.xpath: //input[3]
21:55:49.258 INFO  manager.MyListener - WebDriver start find element: By.xpath: //input[4]
21:55:49.268 INFO  manager.MyListener - WebDriver found element:By.xpath: //input[4]
21:55:49.347 INFO  manager.MyListener - WebDriver start find element: By.xpath: //input[5]
21:55:49.359 INFO  manager.MyListener - WebDriver found element:By.xpath: //input[5]
21:55:49.431 INFO  manager.MyListener - WebDriver start find element: By.xpath: //input[6]
21:55:49.442 INFO  manager.MyListener - WebDriver found element:By.xpath: //input[6]
21:55:49.515 INFO  manager.MyListener - WebDriver start find element: By.cssSelector: [placeholder='description']
21:55:49.531 INFO  manager.MyListener - WebDriver found element:By.cssSelector: [placeholder='description']
21:55:49.546 INFO  manager.MyListener - WebDriver start find element: By.cssSelector: .add_form__2rsm2 button
21:55:49.555 INFO  manager.MyListener - WebDriver found element:By.cssSelector: .add_form__2rsm2 button
21:55:49.940 INFO  tests.TestBase - Start method with name -->addNewContactSuccess
21:55:49.955 INFO  tests.TestBase - Contact is --> Contact(name=Nora1010, lastName=Red, phone=6543-86710105533, email=noraR1010@mail.com, address=BeerSheva, description=university friend)
21:55:49.955 INFO  manager.MyListener - WebDriver start find element: By.xpath: //*[text()='ADD']
21:55:49.971 INFO  manager.MyListener - WebDriver found element:By.xpath: //*[text()='ADD']
21:55:49.999 INFO  manager.MyListener - WebDriver start find element: By.xpath: //input
21:55:50.013 INFO  manager.MyListener - WebDriver found element:By.xpath: //input
21:55:50.087 INFO  manager.MyListener - WebDriver start find element: By.xpath: //input[2]
21:55:50.098 INFO  manager.MyListener - WebDriver found element:By.xpath: //input[2]
21:55:50.167 INFO  manager.MyListener - WebDriver start find element: By.xpath: //input[3]
21:55:50.178 INFO  manager.MyListener - WebDriver found element:By.xpath: //input[3]
21:55:50.251 INFO  manager.MyListener - WebDriver start find element: By.xpath: //input[4]
21:55:50.260 INFO  manager.MyListener - WebDriver found element:By.xpath: //input[4]
21:55:50.338 INFO  manager.MyListener - WebDriver start find element: By.xpath: //input[5]
21:55:50.348 INFO  manager.MyListener - WebDriver found element:By.xpath: //input[5]
21:55:50.438 INFO  manager.MyListener - WebDriver start find element: By.xpath: //input[6]
21:55:50.447 INFO  manager.MyListener - WebDriver found element:By.xpath: //input[6]
21:55:50.521 INFO  manager.MyListener - WebDriver start find element: By.cssSelector: [placeholder='description']
21:55:50.533 INFO  manager.MyListener - WebDriver found element:By.cssSelector: [placeholder='description']
21:55:50.550 INFO  manager.MyListener - WebDriver start find element: By.cssSelector: .add_form__2rsm2 button
21:55:50.560 INFO  manager.MyListener - WebDriver found element:By.cssSelector: .add_form__2rsm2 button
21:55:50.921 INFO  tests.TestBase - Check name: Nora1010
21:55:50.973 INFO  tests.TestBase - Check phone: 6543-86710105533
]]></system-out>
  <system-err><![CDATA[]]></system-err>
</testsuite>
