<?xml version="1.0" encoding="UTF-8"?>
<testsuite name="tests.AddNewContact" tests="1" skipped="0" failures="0" errors="0" timestamp="2022-07-10T11:14:15" hostname="LAPTOP-S8MI6IBE" time="1.36">
  <properties/>
  <testcase name="addNewContactSuccess" classname="tests.AddNewContact" time="1.36"/>
  <system-out><![CDATA[]]></system-out>
  <system-err><![CDATA[]]></system-err>
</testsuite>
