<?xml version="1.0" encoding="UTF-8"?>
<testsuite name="tests.LoginTests" tests="5" skipped="0" failures="0" errors="0" timestamp="2022-07-26T18:56:25" hostname="LAPTOP-S8MI6IBE" time="7.447">
  <properties/>
  <testcase name="loginASuccess" classname="tests.LoginTests" time="0.391"/>
  <testcase name="loginNegativeWrongEmail" classname="tests.LoginTests" time="0.737"/>
  <testcase name="loginSuccessCSV[0](User{email='shev@mail.ru', password='020985$Max'})" classname="tests.LoginTests" time="0.399"/>
  <testcase name="loginSuccessCSV[1](User{email='shev@gmail.com', password='020985$Max'})" classname="tests.LoginTests" time="0.383"/>
  <testcase name="loginSuccessCSV[2](User{email='shev@mail.com', password='020985$Max'})" classname="tests.LoginTests" time="0.374"/>
  <system-out><![CDATA[21:56:25.556 INFO  tests.TestBase - Start method with name -->loginASuccess
21:56:25.576 INFO  manager.MyListener - WebDriver start find element: By.xpath: //*[text()='Sign Out']
21:56:25.591 INFO  manager.MyListener - WebDriver found element:By.xpath: //*[text()='Sign Out']
21:56:25.621 INFO  manager.MyListener - WebDriver start find element: By.xpath: //*[text()='LOGIN']
21:56:25.636 INFO  manager.MyListener - WebDriver found element:By.xpath: //*[text()='LOGIN']
21:56:25.665 INFO  manager.MyListener - WebDriver start find element: By.xpath: //input[1]
21:56:25.680 INFO  manager.MyListener - WebDriver found element:By.xpath: //input[1]
21:56:25.750 INFO  manager.MyListener - WebDriver start find element: By.xpath: //input[2]
21:56:25.763 INFO  manager.MyListener - WebDriver found element:By.xpath: //input[2]
21:56:25.835 INFO  manager.MyListener - WebDriver start find element: By.xpath: //button[1]
21:56:25.850 INFO  manager.MyListener - WebDriver found element:By.xpath: //button[1]
21:56:26.013 INFO  tests.TestBase - Start method with name -->loginNegativeWrongEmail
21:56:26.023 INFO  manager.MyListener - WebDriver start find element: By.xpath: //*[text()='Sign Out']
21:56:26.027 INFO  manager.MyListener - WebDriver found element:By.xpath: //*[text()='Sign Out']
21:56:26.065 INFO  manager.MyListener - WebDriver start find element: By.xpath: //*[text()='LOGIN']
21:56:26.075 INFO  manager.MyListener - WebDriver found element:By.xpath: //*[text()='LOGIN']
21:56:26.104 INFO  manager.MyListener - WebDriver start find element: By.xpath: //input[1]
21:56:26.114 INFO  manager.MyListener - WebDriver found element:By.xpath: //input[1]
21:56:26.188 INFO  manager.MyListener - WebDriver start find element: By.xpath: //input[2]
21:56:26.197 INFO  manager.MyListener - WebDriver found element:By.xpath: //input[2]
21:56:26.598 INFO  manager.MyListener - WebDriver start find element: By.xpath: //button[1]
21:56:26.598 INFO  manager.MyListener - WebDriver found element:By.xpath: //button[1]
21:56:26.798 INFO  manager.HelperBase - Alert is displayed with text: Wrong email or password format
            Email must contains one @ and minimum 2 symbols after last dot
            Password must contain at least one uppercase letter!
            Password must contain at least one lowercase letter!
            Password must contain at least one digit!
            Password must contain at least one special symbol from [‘$’,’~’,’-‘,’_’]!
21:56:26.802 INFO  tests.TestBase - Start method with name -->loginSuccessCSV
21:56:31.804 INFO  manager.MyListener - WebDriver start find element: By.xpath: //*[text()='LOGIN']
21:56:31.820 INFO  manager.MyListener - WebDriver found element:By.xpath: //*[text()='LOGIN']
21:56:31.843 INFO  manager.MyListener - WebDriver start find element: By.xpath: //input[1]
21:56:31.853 INFO  manager.MyListener - WebDriver found element:By.xpath: //input[1]
21:56:31.935 INFO  manager.MyListener - WebDriver start find element: By.xpath: //input[2]
21:56:31.944 INFO  manager.MyListener - WebDriver found element:By.xpath: //input[2]
21:56:32.028 INFO  manager.MyListener - WebDriver start find element: By.xpath: //button[1]
21:56:32.037 INFO  manager.MyListener - WebDriver found element:By.xpath: //button[1]
21:56:32.203 INFO  tests.TestBase - Start method with name -->loginSuccessCSV
21:56:32.213 INFO  manager.MyListener - WebDriver start find element: By.xpath: //*[text()='Sign Out']
21:56:32.222 INFO  manager.MyListener - WebDriver found element:By.xpath: //*[text()='Sign Out']
21:56:32.252 INFO  manager.MyListener - WebDriver start find element: By.xpath: //*[text()='LOGIN']
21:56:32.264 INFO  manager.MyListener - WebDriver found element:By.xpath: //*[text()='LOGIN']
21:56:32.288 INFO  manager.MyListener - WebDriver start find element: By.xpath: //input[1]
21:56:32.298 INFO  manager.MyListener - WebDriver found element:By.xpath: //input[1]
21:56:32.371 INFO  manager.MyListener - WebDriver start find element: By.xpath: //input[2]
21:56:32.381 INFO  manager.MyListener - WebDriver found element:By.xpath: //input[2]
21:56:32.450 INFO  manager.MyListener - WebDriver start find element: By.xpath: //button[1]
21:56:32.459 INFO  manager.MyListener - WebDriver found element:By.xpath: //button[1]
21:56:32.636 INFO  tests.TestBase - Start method with name -->loginSuccessCSV
21:56:32.652 INFO  manager.MyListener - WebDriver start find element: By.xpath: //*[text()='Sign Out']
21:56:32.656 INFO  manager.MyListener - WebDriver found element:By.xpath: //*[text()='Sign Out']
21:56:32.694 INFO  manager.MyListener - WebDriver start find element: By.xpath: //*[text()='LOGIN']
21:56:32.707 INFO  manager.MyListener - WebDriver found element:By.xpath: //*[text()='LOGIN']
21:56:32.732 INFO  manager.MyListener - WebDriver start find element: By.xpath: //input[1]
21:56:32.743 INFO  manager.MyListener - WebDriver found element:By.xpath: //input[1]
21:56:32.815 INFO  manager.MyListener - WebDriver start find element: By.xpath: //input[2]
21:56:32.825 INFO  manager.MyListener - WebDriver found element:By.xpath: //input[2]
21:56:32.895 INFO  manager.MyListener - WebDriver start find element: By.xpath: //button[1]
21:56:32.904 INFO  manager.MyListener - WebDriver found element:By.xpath: //button[1]
]]></system-out>
  <system-err><![CDATA[]]></system-err>
</testsuite>
