<?xml version="1.0" encoding="UTF-8"?>
<testsuite name="tests.LoginTests" tests="1" skipped="0" failures="0" errors="0" timestamp="2022-06-26T17:54:02" hostname="LAPTOP-S8MI6IBE" time="0.373">
  <properties/>
  <testcase name="loginaSuccess" classname="tests.LoginTests" time="0.373"/>
  <system-out><![CDATA[]]></system-out>
  <system-err><![CDATA[]]></system-err>
</testsuite>
