<?xml version="1.0" encoding="UTF-8"?>
<testsuite name="tests.DeleteContact" tests="2" skipped="0" failures="0" errors="0" timestamp="2022-07-26T18:55:56" hostname="LAPTOP-S8MI6IBE" time="28.852">
  <properties/>
  <testcase name="deleteContact" classname="tests.DeleteContact" time="6.149"/>
  <testcase name="removeAllContact" classname="tests.DeleteContact" time="16.959"/>
  <system-out><![CDATA[21:55:50.973 INFO  tests.TestBase - Start method with name -->deleteContact
21:55:56.720 INFO  manager.HelperBase - Count before remove is 4
21:56:01.747 INFO  manager.HelperBase - List of contact is not empty
21:56:01.747 INFO  manager.MyListener - WebDriver start find element: By.cssSelector: h2
21:56:01.763 INFO  manager.MyListener - WebDriver found element:By.cssSelector: h2
21:56:01.794 INFO  manager.MyListener - WebDriver start find element: By.xpath: //button[text()='Remove']
21:56:01.810 INFO  manager.MyListener - WebDriver found element:By.xpath: //button[text()='Remove']
21:56:02.853 INFO  manager.HelperBase - Count after remove is 3
21:56:02.853 INFO  tests.TestBase - Start method with name -->removeAllContact
21:56:13.660 INFO  manager.MyListener - WebDriver start find element: By.cssSelector: h2
21:56:13.676 INFO  manager.MyListener - WebDriver found element:By.cssSelector: h2
21:56:13.704 INFO  manager.MyListener - WebDriver start find element: By.xpath: //button[text()='Remove']
21:56:13.722 INFO  manager.MyListener - WebDriver found element:By.xpath: //button[text()='Remove']
21:56:19.292 INFO  manager.MyListener - WebDriver start find element: By.cssSelector: h2
21:56:19.308 INFO  manager.MyListener - WebDriver found element:By.cssSelector: h2
21:56:19.334 INFO  manager.MyListener - WebDriver start find element: By.xpath: //button[text()='Remove']
21:56:19.344 INFO  manager.MyListener - WebDriver found element:By.xpath: //button[text()='Remove']
21:56:24.950 INFO  manager.MyListener - WebDriver start find element: By.cssSelector: h2
21:56:24.965 INFO  manager.MyListener - WebDriver found element:By.cssSelector: h2
21:56:24.999 INFO  manager.MyListener - WebDriver start find element: By.xpath: //button[text()='Remove']
21:56:25.012 INFO  manager.MyListener - WebDriver found element:By.xpath: //button[text()='Remove']
]]></system-out>
  <system-err><![CDATA[]]></system-err>
</testsuite>
