<?xml version="1.0" encoding="UTF-8"?>
<testsuite name="tests.RegistrationTests" tests="2" skipped="0" failures="0" errors="0" timestamp="2022-07-04T20:42:05" hostname="LAPTOP-S8MI6IBE" time="0.689">
  <properties/>
  <testcase name="registrationSuccess" classname="tests.RegistrationTests" time="0.269"/>
  <testcase name="registrationSuccessModel" classname="tests.RegistrationTests" time="0.258"/>
  <system-out><![CDATA[]]></system-out>
  <system-err><![CDATA[]]></system-err>
</testsuite>
